<?xml version="1.0" encoding="UTF-8"?>
<!-- Generated by org.testng.reporters.JUnitXMLReporter -->
<testsuite hostname="DESKTOP-DKKHSAV" ignored="0" name="Default test" tests="9" failures="0" timestamp="10 Jun 2021 02:30:19 GMT" time="0.805" errors="0">
  <testcase name="TestUserLogin" time="0.011" classname="testNG.Parameterization.multipleData"/>
  <testcase name="TestUserLogin" time="0.006" classname="testNG.Parameterization.multipleData"/>
  <testcase name="TestUserLogin" time="0.002" classname="testNG.Parameterization.multipleData"/>
  <testcase name="TestUserLogin" time="0.001" classname="testNG.Parameterization.multipleData"/>
  <testcase name="TestUserLogin" time="0.005" classname="testNG.Parameterization.multipleData"/>
  <testcase name="TestUserReg" time="0.001" classname="testNG.Parameterization.multipleData"/>
  <testcase name="TestUserReg" time="0.002" classname="testNG.Parameterization.multipleData"/>
  <testcase name="TestUserReg" time="0.002" classname="testNG.Parameterization.multipleData"/>
  <testcase name="TestUserReg" time="0.003" classname="testNG.Parameterization.multipleData"/>
</testsuite> <!-- Default test -->
