<?xml version="1.0" encoding="UTF-8"?>
<!-- Generated by org.testng.reporters.JUnitXMLReporter -->
<testsuite hostname="DESKTOP-DKKHSAV" ignored="2" name="Test" tests="3" failures="1" timestamp="08 Jun 2021 14:06:58 GMT" time="0.114" errors="0">
  <testcase name="first" time="0.025" classname="selenium.TestNG.Examples.groupsExamples"/>
  <testcase name="validatestitles" time="0.001" classname="selenium.TestNG.Examples.groupsExamples">
    <failure type="java.lang.NullPointerException">
      <![CDATA[java.lang.NullPointerException
at selenium.TestNG.Examples.groupsExamples.validatestitles(groupsExamples.java:60)
... Removed 25 stack frames]]>
    </failure>
  </testcase> <!-- validatestitles -->
  <testcase name="second" time="0.0" classname="selenium.TestNG.Examples.groupsExamples">
    <skipped/>
  </testcase> <!-- second -->
  <testcase name="third" time="0.0" classname="selenium.TestNG.Examples.groupsExamples">
    <ignored/>
  </testcase> <!-- third -->
  <testcase name="five" time="0.0" classname="selenium.TestNG.Examples.groupsExamples">
    <ignored/>
  </testcase> <!-- five -->
</testsuite> <!-- Test -->
